<?xml version="1.0" encoding="UTF-8" ?>
<testsuite failures="0" time="4.131" errors="0" skipped="0" tests="3" name="com.topdesk.si2011.dbgenerator.configurator.ConfigInterpreterTest">
  <properties>
[...]
</properties>
  <testcase time="3.445" classname="com.topdesk.si2011.dbgenerator.configurator.ConfigInterpreterTest" name="testGenerateConfigByStructure"/>
  <testcase time="0.358" classname="com.topdesk.si2011.dbgenerator.configurator.ConfigInterpreterTest" name="testCreateConfigReader"/>
  <testcase time="0.312" classname="com.topdesk.si2011.dbgenerator.configurator.ConfigInterpreterTest" name="testCreateConfigWriter"/>
</testsuite>